Desktop/Programming/android-SDK/android-fleet-management/android-app/app/build/intermediates/manifest_merge_blame_file/debug/manifest-merger-blame-debug-report.txt
1<?xml version="1.0" encoding="utf-8"?>
2<manifest xmlns:android="http://schemas.android.com/apk/res/android"
3    package="com.fleetmanagement.custom"
4    android:versionCode="1"
5    android:versionName="1.0" >
6
7    <uses-sdk
8        android:minSdkVersion="26"
9        android:targetSdkVersion="34" />
10
11    <!-- Camera and Media Permissions -->
12    <uses-permission android:name="android.permission.CAMERA" />
12-->src/main/AndroidManifest.xml:4:5-65
12-->src/main/AndroidManifest.xml:4:22-62
13    <uses-permission android:name="android.permission.RECORD_AUDIO" />
13-->src/main/AndroidManifest.xml:5:5-71
13-->src/main/AndroidManifest.xml:5:22-68
14    <uses-permission android:name="android.permission.WRITE_EXTERNAL_STORAGE" />
14-->src/main/AndroidManifest.xml:6:5-81
14-->src/main/AndroidManifest.xml:6:22-78
15    <uses-permission android:name="android.permission.READ_EXTERNAL_STORAGE" />
15-->src/main/AndroidManifest.xml:7:5-80
15-->src/main/AndroidManifest.xml:7:22-77
16
17    <!-- Audio Communication Permissions -->
18    <uses-permission android:name="android.permission.MODIFY_AUDIO_SETTINGS" />
18-->src/main/AndroidManifest.xml:10:5-80
18-->src/main/AndroidManifest.xml:10:22-77
19    <uses-permission android:name="android.permission.CAPTURE_AUDIO_OUTPUT" />
19-->src/main/AndroidManifest.xml:11:5-79
19-->src/main/AndroidManifest.xml:11:22-76
20
21    <!-- Location Permissions -->
22    <uses-permission android:name="android.permission.ACCESS_FINE_LOCATION" />
22-->src/main/AndroidManifest.xml:14:5-79
22-->src/main/AndroidManifest.xml:14:22-76
23    <uses-permission android:name="android.permission.ACCESS_COARSE_LOCATION" />
23-->src/main/AndroidManifest.xml:15:5-81
23-->src/main/AndroidManifest.xml:15:22-78
24
25    <!-- Network Permissions -->
26    <uses-permission android:name="android.permission.INTERNET" />
26-->src/main/AndroidManifest.xml:18:5-67
26-->src/main/AndroidManifest.xml:18:22-64
27    <uses-permission android:name="android.permission.ACCESS_NETWORK_STATE" />
27-->src/main/AndroidManifest.xml:19:5-79
27-->src/main/AndroidManifest.xml:19:22-76
28    <uses-permission android:name="android.permission.ACCESS_WIFI_STATE" />
28-->src/main/AndroidManifest.xml:20:5-76
28-->src/main/AndroidManifest.xml:20:22-73
29
30    <!-- System Permissions -->
31    <uses-permission android:name="android.permission.WAKE_LOCK" />
31-->src/main/AndroidManifest.xml:23:5-68
31-->src/main/AndroidManifest.xml:23:22-65
32    <uses-permission android:name="android.permission.FOREGROUND_SERVICE" />
32-->src/main/AndroidManifest.xml:24:5-77
32-->src/main/AndroidManifest.xml:24:22-74
33    <uses-permission android:name="android.permission.REQUEST_IGNORE_BATTERY_OPTIMIZATIONS" />
33-->src/main/AndroidManifest.xml:25:5-95
33-->src/main/AndroidManifest.xml:25:22-92
34    <uses-permission android:name="android.permission.WRITE_SECURE_SETTINGS" />
34-->src/main/AndroidManifest.xml:26:5-80
34-->src/main/AndroidManifest.xml:26:22-77
35    <uses-permission android:name="android.permission.WRITE_APN_SETTINGS" />
35-->src/main/AndroidManifest.xml:27:5-77
35-->src/main/AndroidManifest.xml:27:22-74
36    <uses-permission android:name="android.permission.READ_PHONE_STATE" />
36-->src/main/AndroidManifest.xml:28:5-75
36-->src/main/AndroidManifest.xml:28:22-72
37    <uses-permission android:name="android.permission.RECEIVE_BOOT_COMPLETED" />
37-->src/main/AndroidManifest.xml:29:5-81
37-->src/main/AndroidManifest.xml:29:22-78
38
39    <!-- Hardware Features -->
40    <uses-feature
40-->src/main/AndroidManifest.xml:32:5-84
41        android:name="android.hardware.camera"
41-->src/main/AndroidManifest.xml:32:19-57
42        android:required="true" />
42-->src/main/AndroidManifest.xml:32:58-81
43    <uses-feature
43-->src/main/AndroidManifest.xml:33:5-95
44        android:name="android.hardware.camera.autofocus"
44-->src/main/AndroidManifest.xml:33:19-67
45        android:required="false" />
45-->src/main/AndroidManifest.xml:33:68-92
46    <uses-feature
46-->src/main/AndroidManifest.xml:34:5-86
47        android:name="android.hardware.location"
47-->src/main/AndroidManifest.xml:34:19-59
48        android:required="true" />
48-->src/main/AndroidManifest.xml:34:60-83
49    <uses-feature
49-->src/main/AndroidManifest.xml:35:5-90
50        android:name="android.hardware.location.gps"
50-->src/main/AndroidManifest.xml:35:19-63
51        android:required="true" />
51-->src/main/AndroidManifest.xml:35:64-87
52
53    <permission
53-->[androidx.core:core:1.9.0] AndroidManifest.xml:22:5-24:47
54        android:name="com.fleetmanagement.custom.DYNAMIC_RECEIVER_NOT_EXPORTED_PERMISSION"
54-->[androidx.core:core:1.9.0] AndroidManifest.xml:23:9-81
55        android:protectionLevel="signature" />
55-->[androidx.core:core:1.9.0] AndroidManifest.xml:24:9-44
56
57    <uses-permission android:name="com.fleetmanagement.custom.DYNAMIC_RECEIVER_NOT_EXPORTED_PERMISSION" />
57-->[androidx.core:core:1.9.0] AndroidManifest.xml:26:5-97
57-->[androidx.core:core:1.9.0] AndroidManifest.xml:26:22-94
58
59    <application
59-->src/main/AndroidManifest.xml:37:5-80:19
60        android:allowBackup="true"
60-->src/main/AndroidManifest.xml:38:9-35
61        android:appComponentFactory="androidx.core.app.CoreComponentFactory"
61-->[androidx.core:core:1.9.0] AndroidManifest.xml:28:18-86
62        android:debuggable="true"
63        android:extractNativeLibs="true"
64        android:label="Fleet Management"
64-->src/main/AndroidManifest.xml:39:9-41
65        android:supportsRtl="true"
65-->src/main/AndroidManifest.xml:40:9-35
66        android:theme="@style/Theme.AppCompat.Light.NoActionBar" >
66-->src/main/AndroidManifest.xml:41:9-65
67        <activity
67-->src/main/AndroidManifest.xml:42:9-49:20
68            android:name="carassist.cn.carsdksample.MainActivity"
68-->src/main/AndroidManifest.xml:43:13-66
69            android:exported="true" >
69-->src/main/AndroidManifest.xml:44:13-36
70            <intent-filter>
70-->src/main/AndroidManifest.xml:45:13-48:29
71                <action android:name="android.intent.action.MAIN" />
71-->src/main/AndroidManifest.xml:46:17-69
71-->src/main/AndroidManifest.xml:46:25-66
72
73                <category android:name="android.intent.category.LAUNCHER" />
73-->src/main/AndroidManifest.xml:47:17-77
73-->src/main/AndroidManifest.xml:47:27-74
74            </intent-filter>
75        </activity>
76
77        <!-- Car SDK Service -->
78        <service
78-->src/main/AndroidManifest.xml:52:9-55:40
79            android:name="com.fleetmanagement.custom.services.ServerCommunicationService"
79-->src/main/AndroidManifest.xml:53:13-90
80            android:enabled="true"
80-->src/main/AndroidManifest.xml:54:13-35
81            android:exported="false" />
81-->src/main/AndroidManifest.xml:55:13-37
82
83        <!-- Hardware Control Service -->
84        <service
84-->src/main/AndroidManifest.xml:58:9-61:40
85            android:name="com.fleetmanagement.custom.services.HardwareControlService"
85-->src/main/AndroidManifest.xml:59:13-86
86            android:enabled="true"
86-->src/main/AndroidManifest.xml:60:13-35
87            android:exported="false" />
87-->src/main/AndroidManifest.xml:61:13-37
88
89        <!-- Location Service -->
90        <service
90-->src/main/AndroidManifest.xml:64:9-67:40
91            android:name="com.fleetmanagement.custom.services.LocationService"
91-->src/main/AndroidManifest.xml:65:13-79
92            android:enabled="true"
92-->src/main/AndroidManifest.xml:66:13-35
93            android:exported="false" />
93-->src/main/AndroidManifest.xml:67:13-37
94
95        <!-- APN Proxy Clear Receiver -->
96        <receiver
96-->src/main/AndroidManifest.xml:70:9-79:20
97            android:name="com.fleetmanagement.custom.services.ApnProxyClearReceiver"
97-->src/main/AndroidManifest.xml:71:13-85
98            android:enabled="true"
98-->src/main/AndroidManifest.xml:72:13-35
99            android:exported="true" >
99-->src/main/AndroidManifest.xml:73:13-36
100            <intent-filter>
100-->src/main/AndroidManifest.xml:74:13-78:29
101                <action android:name="android.intent.action.BOOT_COMPLETED" />
101-->src/main/AndroidManifest.xml:75:17-79
101-->src/main/AndroidManifest.xml:75:25-76
102                <action android:name="android.intent.action.SIM_STATE_CHANGED" />
102-->src/main/AndroidManifest.xml:76:17-82
102-->src/main/AndroidManifest.xml:76:25-79
103
104                <category android:name="android.intent.category.DEFAULT" />
104-->src/main/AndroidManifest.xml:77:17-76
104-->src/main/AndroidManifest.xml:77:27-73
105            </intent-filter>
106        </receiver>
107
108        <provider
108-->[androidx.work:work-runtime:2.9.0] AndroidManifest.xml:29:9-37:20
109            android:name="androidx.startup.InitializationProvider"
109-->[androidx.work:work-runtime:2.9.0] AndroidManifest.xml:30:13-67
110            android:authorities="com.fleetmanagement.custom.androidx-startup"
110-->[androidx.work:work-runtime:2.9.0] AndroidManifest.xml:31:13-68
111            android:exported="false" >
111-->[androidx.work:work-runtime:2.9.0] AndroidManifest.xml:32:13-37
112            <meta-data
112-->[androidx.work:work-runtime:2.9.0] AndroidManifest.xml:34:13-36:52
113                android:name="androidx.work.WorkManagerInitializer"
113-->[androidx.work:work-runtime:2.9.0] AndroidManifest.xml:35:17-68
114                android:value="androidx.startup" />
114-->[androidx.work:work-runtime:2.9.0] AndroidManifest.xml:36:17-49
115            <meta-data
115-->[androidx.emoji2:emoji2:1.2.0] AndroidManifest.xml:29:13-31:52
116                android:name="androidx.emoji2.text.EmojiCompatInitializer"
116-->[androidx.emoji2:emoji2:1.2.0] AndroidManifest.xml:30:17-75
117                android:value="androidx.startup" />
117-->[androidx.emoji2:emoji2:1.2.0] AndroidManifest.xml:31:17-49
118            <meta-data
118-->[androidx.lifecycle:lifecycle-process:2.6.1] AndroidManifest.xml:29:13-31:52
119                android:name="androidx.lifecycle.ProcessLifecycleInitializer"
119-->[androidx.lifecycle:lifecycle-process:2.6.1] AndroidManifest.xml:30:17-78
120                android:value="androidx.startup" />
120-->[androidx.lifecycle:lifecycle-process:2.6.1] AndroidManifest.xml:31:17-49
121            <meta-data
121-->[androidx.profileinstaller:profileinstaller:1.3.0] AndroidManifest.xml:29:13-31:52
122                android:name="androidx.profileinstaller.ProfileInstallerInitializer"
122-->[androidx.profileinstaller:profileinstaller:1.3.0] AndroidManifest.xml:30:17-85
123                android:value="androidx.startup" />
123-->[androidx.profileinstaller:profileinstaller:1.3.0] AndroidManifest.xml:31:17-49
124        </provider>
125
126        <service
126-->[androidx.work:work-runtime:2.9.0] AndroidManifest.xml:39:9-45:35
127            android:name="androidx.work.impl.background.systemalarm.SystemAlarmService"
127-->[androidx.work:work-runtime:2.9.0] AndroidManifest.xml:40:13-88
128            android:directBootAware="false"
128-->[androidx.work:work-runtime:2.9.0] AndroidManifest.xml:41:13-44
129            android:enabled="@bool/enable_system_alarm_service_default"
129-->[androidx.work:work-runtime:2.9.0] AndroidManifest.xml:42:13-72
130            android:exported="false" />
130-->[androidx.work:work-runtime:2.9.0] AndroidManifest.xml:43:13-37
131        <service
131-->[androidx.work:work-runtime:2.9.0] AndroidManifest.xml:46:9-52:35
132            android:name="androidx.work.impl.background.systemjob.SystemJobService"
132-->[androidx.work:work-runtime:2.9.0] AndroidManifest.xml:47:13-84
133            android:directBootAware="false"
133-->[androidx.work:work-runtime:2.9.0] AndroidManifest.xml:48:13-44
134            android:enabled="@bool/enable_system_job_service_default"
134-->[androidx.work:work-runtime:2.9.0] AndroidManifest.xml:49:13-70
135            android:exported="true"
135-->[androidx.work:work-runtime:2.9.0] AndroidManifest.xml:50:13-36
136            android:permission="android.permission.BIND_JOB_SERVICE" />
136-->[androidx.work:work-runtime:2.9.0] AndroidManifest.xml:51:13-69
137        <service
137-->[androidx.work:work-runtime:2.9.0] AndroidManifest.xml:53:9-59:35
138            android:name="androidx.work.impl.foreground.SystemForegroundService"
138-->[androidx.work:work-runtime:2.9.0] AndroidManifest.xml:54:13-81
139            android:directBootAware="false"
139-->[androidx.work:work-runtime:2.9.0] AndroidManifest.xml:55:13-44
140            android:enabled="@bool/enable_system_foreground_service_default"
140-->[androidx.work:work-runtime:2.9.0] AndroidManifest.xml:56:13-77
141            android:exported="false" />
141-->[androidx.work:work-runtime:2.9.0] AndroidManifest.xml:57:13-37
142
143        <receiver
143-->[androidx.work:work-runtime:2.9.0] AndroidManifest.xml:61:9-66:35
144            android:name="androidx.work.impl.utils.ForceStopRunnable$BroadcastReceiver"
144-->[androidx.work:work-runtime:2.9.0] AndroidManifest.xml:62:13-88
145            android:directBootAware="false"
145-->[androidx.work:work-runtime:2.9.0] AndroidManifest.xml:63:13-44
146            android:enabled="true"
146-->[androidx.work:work-runtime:2.9.0] AndroidManifest.xml:64:13-35
147            android:exported="false" />
147-->[androidx.work:work-runtime:2.9.0] AndroidManifest.xml:65:13-37
148        <receiver
148-->[androidx.work:work-runtime:2.9.0] AndroidManifest.xml:67:9-77:20
149            android:name="androidx.work.impl.background.systemalarm.ConstraintProxy$BatteryChargingProxy"
149-->[androidx.work:work-runtime:2.9.0] AndroidManifest.xml:68:13-106
150            android:directBootAware="false"
150-->[androidx.work:work-runtime:2.9.0] AndroidManifest.xml:69:13-44
151            android:enabled="false"
151-->[androidx.work:work-runtime:2.9.0] AndroidManifest.xml:70:13-36
152            android:exported="false" >
152-->[androidx.work:work-runtime:2.9.0] AndroidManifest.xml:71:13-37
153            <intent-filter>
153-->[androidx.work:work-runtime:2.9.0] AndroidManifest.xml:73:13-76:29
154                <action android:name="android.intent.action.ACTION_POWER_CONNECTED" />
154-->[androidx.work:work-runtime:2.9.0] AndroidManifest.xml:74:17-87
154-->[androidx.work:work-runtime:2.9.0] AndroidManifest.xml:74:25-84
155                <action android:name="android.intent.action.ACTION_POWER_DISCONNECTED" />
155-->[androidx.work:work-runtime:2.9.0] AndroidManifest.xml:75:17-90
155-->[androidx.work:work-runtime:2.9.0] AndroidManifest.xml:75:25-87
156            </intent-filter>
157        </receiver>
158        <receiver
158-->[androidx.work:work-runtime:2.9.0] AndroidManifest.xml:78:9-88:20
159            android:name="androidx.work.impl.background.systemalarm.ConstraintProxy$BatteryNotLowProxy"
159-->[androidx.work:work-runtime:2.9.0] AndroidManifest.xml:79:13-104
160            android:directBootAware="false"
160-->[androidx.work:work-runtime:2.9.0] AndroidManifest.xml:80:13-44
161            android:enabled="false"
161-->[androidx.work:work-runtime:2.9.0] AndroidManifest.xml:81:13-36
162            android:exported="false" >
162-->[androidx.work:work-runtime:2.9.0] AndroidManifest.xml:82:13-37
163            <intent-filter>
163-->[androidx.work:work-runtime:2.9.0] AndroidManifest.xml:84:13-87:29
164                <action android:name="android.intent.action.BATTERY_OKAY" />
164-->[androidx.work:work-runtime:2.9.0] AndroidManifest.xml:85:17-77
164-->[androidx.work:work-runtime:2.9.0] AndroidManifest.xml:85:25-74
165                <action android:name="android.intent.action.BATTERY_LOW" />
165-->[androidx.work:work-runtime:2.9.0] AndroidManifest.xml:86:17-76
165-->[androidx.work:work-runtime:2.9.0] AndroidManifest.xml:86:25-73
166            </intent-filter>
167        </receiver>
168        <receiver
168-->[androidx.work:work-runtime:2.9.0] AndroidManifest.xml:89:9-99:20
169            android:name="androidx.work.impl.background.systemalarm.ConstraintProxy$StorageNotLowProxy"
169-->[androidx.work:work-runtime:2.9.0] AndroidManifest.xml:90:13-104
170            android:directBootAware="false"
170-->[androidx.work:work-runtime:2.9.0] AndroidManifest.xml:91:13-44
171            android:enabled="false"
171-->[androidx.work:work-runtime:2.9.0] AndroidManifest.xml:92:13-36
172            android:exported="false" >
172-->[androidx.work:work-runtime:2.9.0] AndroidManifest.xml:93:13-37
173            <intent-filter>
173-->[androidx.work:work-runtime:2.9.0] AndroidManifest.xml:95:13-98:29
174                <action android:name="android.intent.action.DEVICE_STORAGE_LOW" />
174-->[androidx.work:work-runtime:2.9.0] AndroidManifest.xml:96:17-83
174-->[androidx.work:work-runtime:2.9.0] AndroidManifest.xml:96:25-80
175                <action android:name="android.intent.action.DEVICE_STORAGE_OK" />
175-->[androidx.work:work-runtime:2.9.0] AndroidManifest.xml:97:17-82
175-->[androidx.work:work-runtime:2.9.0] AndroidManifest.xml:97:25-79
176            </intent-filter>
177        </receiver>
178        <receiver
178-->[androidx.work:work-runtime:2.9.0] AndroidManifest.xml:100:9-109:20
179            android:name="androidx.work.impl.background.systemalarm.ConstraintProxy$NetworkStateProxy"
179-->[androidx.work:work-runtime:2.9.0] AndroidManifest.xml:101:13-103
180            android:directBootAware="false"
180-->[androidx.work:work-runtime:2.9.0] AndroidManifest.xml:102:13-44
181            android:enabled="false"
181-->[androidx.work:work-runtime:2.9.0] AndroidManifest.xml:103:13-36
182            android:exported="false" >
182-->[androidx.work:work-runtime:2.9.0] AndroidManifest.xml:104:13-37
183            <intent-filter>
183-->[androidx.work:work-runtime:2.9.0] AndroidManifest.xml:106:13-108:29
184                <action android:name="android.net.conn.CONNECTIVITY_CHANGE" />
184-->[androidx.work:work-runtime:2.9.0] AndroidManifest.xml:107:17-79
184-->[androidx.work:work-runtime:2.9.0] AndroidManifest.xml:107:25-76
185            </intent-filter>
186        </receiver>
187        <receiver
187-->[androidx.work:work-runtime:2.9.0] AndroidManifest.xml:110:9-121:20
188            android:name="androidx.work.impl.background.systemalarm.RescheduleReceiver"
188-->[androidx.work:work-runtime:2.9.0] AndroidManifest.xml:111:13-88
189            android:directBootAware="false"
189-->[androidx.work:work-runtime:2.9.0] AndroidManifest.xml:112:13-44
190            android:enabled="false"
190-->[androidx.work:work-runtime:2.9.0] AndroidManifest.xml:113:13-36
191            android:exported="false" >
191-->[androidx.work:work-runtime:2.9.0] AndroidManifest.xml:114:13-37
192            <intent-filter>
192-->[androidx.work:work-runtime:2.9.0] AndroidManifest.xml:116:13-120:29
193                <action android:name="android.intent.action.BOOT_COMPLETED" />
193-->src/main/AndroidManifest.xml:75:17-79
193-->src/main/AndroidManifest.xml:75:25-76
194                <action android:name="android.intent.action.TIME_SET" />
194-->[androidx.work:work-runtime:2.9.0] AndroidManifest.xml:118:17-73
194-->[androidx.work:work-runtime:2.9.0] AndroidManifest.xml:118:25-70
195                <action android:name="android.intent.action.TIMEZONE_CHANGED" />
195-->[androidx.work:work-runtime:2.9.0] AndroidManifest.xml:119:17-81
195-->[androidx.work:work-runtime:2.9.0] AndroidManifest.xml:119:25-78
196            </intent-filter>
197        </receiver>
198        <receiver
198-->[androidx.work:work-runtime:2.9.0] AndroidManifest.xml:122:9-131:20
199            android:name="androidx.work.impl.background.systemalarm.ConstraintProxyUpdateReceiver"
199-->[androidx.work:work-runtime:2.9.0] AndroidManifest.xml:123:13-99
200            android:directBootAware="false"
200-->[androidx.work:work-runtime:2.9.0] AndroidManifest.xml:124:13-44
201            android:enabled="@bool/enable_system_alarm_service_default"
201-->[androidx.work:work-runtime:2.9.0] AndroidManifest.xml:125:13-72
202            android:exported="false" >
202-->[androidx.work:work-runtime:2.9.0] AndroidManifest.xml:126:13-37
203            <intent-filter>
203-->[androidx.work:work-runtime:2.9.0] AndroidManifest.xml:128:13-130:29
204                <action android:name="androidx.work.impl.background.systemalarm.UpdateProxies" />
204-->[androidx.work:work-runtime:2.9.0] AndroidManifest.xml:129:17-98
204-->[androidx.work:work-runtime:2.9.0] AndroidManifest.xml:129:25-95
205            </intent-filter>
206        </receiver>
207        <receiver
207-->[androidx.work:work-runtime:2.9.0] AndroidManifest.xml:132:9-142:20
208            android:name="androidx.work.impl.diagnostics.DiagnosticsReceiver"
208-->[androidx.work:work-runtime:2.9.0] AndroidManifest.xml:133:13-78
209            android:directBootAware="false"
209-->[androidx.work:work-runtime:2.9.0] AndroidManifest.xml:134:13-44
210            android:enabled="true"
210-->[androidx.work:work-runtime:2.9.0] AndroidManifest.xml:135:13-35
211            android:exported="true"
211-->[androidx.work:work-runtime:2.9.0] AndroidManifest.xml:136:13-36
212            android:permission="android.permission.DUMP" >
212-->[androidx.work:work-runtime:2.9.0] AndroidManifest.xml:137:13-57
213            <intent-filter>
213-->[androidx.work:work-runtime:2.9.0] AndroidManifest.xml:139:13-141:29
214                <action android:name="androidx.work.diagnostics.REQUEST_DIAGNOSTICS" />
214-->[androidx.work:work-runtime:2.9.0] AndroidManifest.xml:140:17-88
214-->[androidx.work:work-runtime:2.9.0] AndroidManifest.xml:140:25-85
215            </intent-filter>
216        </receiver>
217
218        <activity
218-->[com.google.android.gms:play-services-base:18.1.0] AndroidManifest.xml:20:9-22:45
219            android:name="com.google.android.gms.common.api.GoogleApiActivity"
219-->[com.google.android.gms:play-services-base:18.1.0] AndroidManifest.xml:20:19-85
220            android:exported="false"
220-->[com.google.android.gms:play-services-base:18.1.0] AndroidManifest.xml:22:19-43
221            android:theme="@android:style/Theme.Translucent.NoTitleBar" />
221-->[com.google.android.gms:play-services-base:18.1.0] AndroidManifest.xml:21:19-78
222
223        <meta-data
223-->[com.google.android.gms:play-services-basement:18.1.0] AndroidManifest.xml:21:9-23:69
224            android:name="com.google.android.gms.version"
224-->[com.google.android.gms:play-services-basement:18.1.0] AndroidManifest.xml:22:13-58
225            android:value="@integer/google_play_services_version" />
225-->[com.google.android.gms:play-services-basement:18.1.0] AndroidManifest.xml:23:13-66
226
227        <service
227-->[androidx.room:room-runtime:2.5.0] AndroidManifest.xml:24:9-28:63
228            android:name="androidx.room.MultiInstanceInvalidationService"
228-->[androidx.room:room-runtime:2.5.0] AndroidManifest.xml:25:13-74
229            android:directBootAware="true"
229-->[androidx.room:room-runtime:2.5.0] AndroidManifest.xml:26:13-43
230            android:exported="false" />
230-->[androidx.room:room-runtime:2.5.0] AndroidManifest.xml:27:13-37
231
232        <receiver
232-->[androidx.profileinstaller:profileinstaller:1.3.0] AndroidManifest.xml:34:9-52:20
233            android:name="androidx.profileinstaller.ProfileInstallReceiver"
233-->[androidx.profileinstaller:profileinstaller:1.3.0] AndroidManifest.xml:35:13-76
234            android:directBootAware="false"
234-->[androidx.profileinstaller:profileinstaller:1.3.0] AndroidManifest.xml:36:13-44
235            android:enabled="true"
235-->[androidx.profileinstaller:profileinstaller:1.3.0] AndroidManifest.xml:37:13-35
236            android:exported="true"
236-->[androidx.profileinstaller:profileinstaller:1.3.0] AndroidManifest.xml:38:13-36
237            android:permission="android.permission.DUMP" >
237-->[androidx.profileinstaller:profileinstaller:1.3.0] AndroidManifest.xml:39:13-57
238            <intent-filter>
238-->[androidx.profileinstaller:profileinstaller:1.3.0] AndroidManifest.xml:40:13-42:29
239                <action android:name="androidx.profileinstaller.action.INSTALL_PROFILE" />
239-->[androidx.profileinstaller:profileinstaller:1.3.0] AndroidManifest.xml:41:17-91
239-->[androidx.profileinstaller:profileinstaller:1.3.0] AndroidManifest.xml:41:25-88
240            </intent-filter>
241            <intent-filter>
241-->[androidx.profileinstaller:profileinstaller:1.3.0] AndroidManifest.xml:43:13-45:29
242                <action android:name="androidx.profileinstaller.action.SKIP_FILE" />
242-->[androidx.profileinstaller:profileinstaller:1.3.0] AndroidManifest.xml:44:17-85
242-->[androidx.profileinstaller:profileinstaller:1.3.0] AndroidManifest.xml:44:25-82
243            </intent-filter>
244            <intent-filter>
244-->[androidx.profileinstaller:profileinstaller:1.3.0] AndroidManifest.xml:46:13-48:29
245                <action android:name="androidx.profileinstaller.action.SAVE_PROFILE" />
245-->[androidx.profileinstaller:profileinstaller:1.3.0] AndroidManifest.xml:47:17-88
245-->[androidx.profileinstaller:profileinstaller:1.3.0] AndroidManifest.xml:47:25-85
246            </intent-filter>
247            <intent-filter>
247-->[androidx.profileinstaller:profileinstaller:1.3.0] AndroidManifest.xml:49:13-51:29
248                <action android:name="androidx.profileinstaller.action.BENCHMARK_OPERATION" />
248-->[androidx.profileinstaller:profileinstaller:1.3.0] AndroidManifest.xml:50:17-95
248-->[androidx.profileinstaller:profileinstaller:1.3.0] AndroidManifest.xml:50:25-92
249            </intent-filter>
250        </receiver>
251    </application>
252
253</manifest>